<?xml version="1.0" encoding="UTF-8"?>
<Site BuildName="(empty)"
	BuildStamp="20240701-1305-Experimental"
	Name="wvuirl-Z270M-D3H"
	Generator="ctest-3.16.3"
	CompilerName="/usr/bin/c++"
	CompilerVersion="9.4.0"
	OSName="Linux"
	Hostname="wvuirl-Z270M-D3H"
	OSRelease="5.15.0-113-generic"
	OSVersion="#123~20.04.1-Ubuntu SMP Wed Jun 12 17:33:13 UTC 2024"
	OSPlatform="x86_64"
	Is64Bits="1"
	VendorString="GenuineIntel"
	VendorID="Intel Corporation"
	FamilyID="6"
	ModelID="158"
	ProcessorCacheSize="8192"
	NumberOfLogicalCPU="8"
	NumberOfPhysicalCPU="4"
	TotalVirtualMemory="2047"
	TotalPhysicalMemory="32051"
	LogicalProcessorsPerPhysical="2"
	ProcessorClockFrequency="4000.01"
	>
	<Testing>
		<StartDateTime>Jul 01 15:40 EDT</StartDateTime>
		<StartTestTime>1719862858</StartTestTime>
		<TestList/>
		<EndDateTime>Jul 01 15:40 EDT</EndDateTime>
		<EndTestTime>1719862858</EndTestTime>
		<ElapsedMinutes>0</ElapsedMinutes>
	</Testing>
</Site>
