<?xml version="1.0" encoding="UTF-8"?>
<Site BuildName="(empty)"
	BuildStamp="20240625-1915-Experimental"
	Name="wvuirl-Z270M-D3H"
	Generator="ctest-3.16.3"
	CompilerName="/usr/bin/c++"
	CompilerVersion="9.4.0"
	OSName="Linux"
	Hostname="wvuirl-Z270M-D3H"
	OSRelease="5.15.0-107-generic"
	OSVersion="#117~20.04.1-Ubuntu SMP Tue Apr 30 10:35:57 UTC 2024"
	OSPlatform="x86_64"
	Is64Bits="1"
	VendorString="GenuineIntel"
	VendorID="Intel Corporation"
	FamilyID="6"
	ModelID="158"
	ProcessorCacheSize="8192"
	NumberOfLogicalCPU="8"
	NumberOfPhysicalCPU="4"
	TotalVirtualMemory="2047"
	TotalPhysicalMemory="32051"
	LogicalProcessorsPerPhysical="2"
	ProcessorClockFrequency="4000"
	>
	<Testing>
		<StartDateTime>Jun 25 16:48 EDT</StartDateTime>
		<StartTestTime>1719348482</StartTestTime>
		<TestList/>
		<EndDateTime>Jun 25 16:48 EDT</EndDateTime>
		<EndTestTime>1719348482</EndTestTime>
		<ElapsedMinutes>0</ElapsedMinutes>
	</Testing>
</Site>
